<?xml version="1.0" encoding="UTF-8"?>
<!-- Generated by org.testng.reporters.JUnitReportReporter -->
<testsuite hostname="Bujuku" failures="0" tests="1" name="com.simplilearn.testng.SignInTest" time="20.932" errors="0" timestamp="2023-12-19T17:57:32 IST" skipped="0">
  <testcase classname="com.simplilearn.testng.SignInTest" name="signInTest" time="20.932"/>
</testsuite> <!-- com.simplilearn.testng.SignInTest -->
