<?xml version="1.0" encoding="UTF-8"?>
<!-- Generated by org.testng.reporters.JUnitReportReporter -->
<testsuite hostname="Bujuku" failures="0" tests="2" name="com.simplilearn.testng.GridDemo.GridDemo1" time="22.694" errors="0" timestamp="2023-12-19T14:50:25 IST" skipped="0">
  <testcase classname="com.simplilearn.testng.GridDemo.GridDemo1" name="chromeTest1" time="11.254"/>
  <system-out/>
  <testcase classname="com.simplilearn.testng.GridDemo.GridDemo1" name="fireFoxTest2" time="11.440"/>
  <system-out/>
</testsuite> <!-- com.simplilearn.testng.GridDemo.GridDemo1 -->
