<?xml version="1.0" encoding="UTF-8"?>
<!-- Generated by org.testng.reporters.JUnitReportReporter -->
<testsuite hostname="Bujuku" failures="0" tests="2" name="com.simplilearn.testng.GridDemo.GridDemo2" time="24.535" errors="0" timestamp="2023-12-19T14:52:17 IST" skipped="0">
  <testcase classname="com.simplilearn.testng.GridDemo.GridDemo2" name="chromeTest1" time="13.115"/>
  <system-out/>
  <testcase classname="com.simplilearn.testng.GridDemo.GridDemo2" name="firefoxTest2" time="11.420"/>
  <system-out/>
</testsuite> <!-- com.simplilearn.testng.GridDemo.GridDemo2 -->
