<?xml version="1.0" encoding="UTF-8"?>
<!-- Generated by org.testng.reporters.JUnitReportReporter -->
<testsuite hostname="Bujuku" failures="0" tests="3" name="com.simplilearn.resttetsing.DeleteRequestTest" time="4.334" errors="0" timestamp="2024-01-21T13:52:59 IST" skipped="0">
  <testcase classname="com.simplilearn.resttetsing.DeleteRequestTest" name="deleteRequestTest" time="2.111"/>
  <testcase classname="com.simplilearn.resttetsing.DeleteRequestTest" name="deleteRequestTest" time="1.309"/>
  <testcase classname="com.simplilearn.resttetsing.DeleteRequestTest" name="deleteRequestTest" time="0.914"/>
</testsuite> <!-- com.simplilearn.resttetsing.DeleteRequestTest -->
