<?xml version="1.0" encoding="UTF-8"?>
<!-- Generated by org.testng.reporters.JUnitReportReporter -->
<testsuite hostname="Bujuku" failures="0" tests="3" name="com.simplilearn.resttetsing.DeleteRequestTest" time="2.118" errors="0" timestamp="2024-01-20T17:19:19 IST" skipped="0">
  <testcase classname="com.simplilearn.resttetsing.DeleteRequestTest" name="deleteRequestTest" time="0.711"/>
  <testcase classname="com.simplilearn.resttetsing.DeleteRequestTest" name="deleteRequestTest" time="0.706"/>
  <testcase classname="com.simplilearn.resttetsing.DeleteRequestTest" name="deleteRequestTest" time="0.701"/>
</testsuite> <!-- com.simplilearn.resttetsing.DeleteRequestTest -->
