<?xml version="1.0" encoding="UTF-8"?>
<!-- Generated by org.testng.reporters.JUnitReportReporter -->
<testsuite hostname="Bujuku" failures="0" tests="2" name="com.simplilearn.authtest.OAuthauthenticationTest" time="2.811" errors="0" timestamp="2024-01-21T13:52:59 IST" skipped="0">
  <testcase classname="com.simplilearn.authtest.OAuthauthenticationTest" name="testAuthenticationBasedOnCredsToken" time="1.432"/>
  <testcase classname="com.simplilearn.authtest.OAuthauthenticationTest" name="testAuthenticationToken" time="1.379"/>
</testsuite> <!-- com.simplilearn.authtest.OAuthauthenticationTest -->
