<?xml version="1.0" encoding="UTF-8"?>
<!-- Generated by org.testng.reporters.JUnitReportReporter -->
<testsuite hostname="Bujuku" failures="0" tests="1" name="com.simplilearn.resttetsing.PutRequestTest" time="2.026" errors="0" timestamp="2024-01-21T13:52:59 IST" skipped="0">
  <testcase classname="com.simplilearn.resttetsing.PutRequestTest" name="putRequestTest" time="2.026"/>
</testsuite> <!-- com.simplilearn.resttetsing.PutRequestTest -->
