<?xml version="1.0" encoding="UTF-8"?>
<!-- Generated by org.testng.reporters.JUnitReportReporter -->
<testsuite hostname="Bujuku" failures="0" tests="1" name="com.simplilearn.resttetsing.PostRequestTest" time="1.824" errors="0" timestamp="2024-01-20T17:19:19 IST" skipped="0">
  <testcase classname="com.simplilearn.resttetsing.PostRequestTest" name="postRequestTest" time="1.824"/>
</testsuite> <!-- com.simplilearn.resttetsing.PostRequestTest -->
