<?xml version="1.0" encoding="UTF-8"?>
<!-- Generated by org.testng.reporters.JUnitReportReporter -->
<testsuite hostname="Bujuku" failures="0" tests="4" name="com.simplilearn.logtesting.TestLogs" time="0.020" errors="0" timestamp="2024-01-21T11:33:30 IST" skipped="0">
  <testcase classname="com.simplilearn.logtesting.TestLogs" name="testDebugLogs" time="0.015"/>
  <testcase classname="com.simplilearn.logtesting.TestLogs" name="testErrorLogs" time="0.001"/>
  <testcase classname="com.simplilearn.logtesting.TestLogs" name="testWarnLogs" time="0.001"/>
  <testcase classname="com.simplilearn.logtesting.TestLogs" name="testInfoLogs" time="0.003"/>
</testsuite> <!-- com.simplilearn.logtesting.TestLogs -->
