<?xml version="1.0" encoding="UTF-8"?>
<!-- Generated by org.testng.reporters.JUnitReportReporter -->
<testsuite hostname="Bujuku" failures="0" tests="3" name="com.simplilearn.resttetsing.GetRequestTest" time="5.112" errors="0" timestamp="2024-01-21T13:52:59 IST" skipped="0">
  <testcase classname="com.simplilearn.resttetsing.GetRequestTest" name="getRequestWithUserIdTest" time="0.776"/>
  <testcase classname="com.simplilearn.resttetsing.GetRequestTest" name="getRequestTest" time="3.663"/>
  <testcase classname="com.simplilearn.resttetsing.GetRequestTest" name="getRequestWithQueryParmsTest" time="0.673"/>
</testsuite> <!-- com.simplilearn.resttetsing.GetRequestTest -->
