<?xml version="1.0" encoding="UTF-8"?>
<!-- Generated by org.testng.reporters.JUnitReportReporter -->
<testsuite hostname="Bujuku" failures="0" tests="2" name="com.simplilearn.authtest.SSLAuthenticationTest" time="2.096" errors="0" timestamp="2024-01-21T13:52:59 IST" skipped="0">
  <testcase classname="com.simplilearn.authtest.SSLAuthenticationTest" name="testSSlAuthenticate1" time="0.697"/>
  <testcase classname="com.simplilearn.authtest.SSLAuthenticationTest" name="testSSLAuthenticate" time="1.399"/>
</testsuite> <!-- com.simplilearn.authtest.SSLAuthenticationTest -->
