<?xml version="1.0" encoding="UTF-8"?>
<!-- Generated by org.testng.reporters.JUnitReportReporter -->
<testsuite hostname="Bujuku" failures="0" tests="1" name="com.simplilearn.soaptesting.ListofCountriesWithCountryCodeTest" time="4.062" errors="0" timestamp="2024-01-21T14:13:03 IST" skipped="0">
  <testcase classname="com.simplilearn.soaptesting.ListofCountriesWithCountryCodeTest" name="postXMLRequestTest" time="4.062"/>
</testsuite> <!-- com.simplilearn.soaptesting.ListofCountriesWithCountryCodeTest -->
