<?xml version="1.0" encoding="UTF-8"?>
<!-- Generated by org.testng.reporters.JUnitReportReporter -->
<testsuite hostname="Bujuku" failures="0" tests="3" name="com.simplilearn.resttetsing.GetRequestTest" time="5.620" errors="0" timestamp="2024-01-20T17:19:19 IST" skipped="0">
  <testcase classname="com.simplilearn.resttetsing.GetRequestTest" name="getRequestWithQueryParmsTest" time="0.905"/>
  <testcase classname="com.simplilearn.resttetsing.GetRequestTest" name="getRequestWithUserIdTest" time="0.669"/>
  <testcase classname="com.simplilearn.resttetsing.GetRequestTest" name="getRequestTest" time="4.046"/>
</testsuite> <!-- com.simplilearn.resttetsing.GetRequestTest -->
