<?xml version="1.0" encoding="UTF-8"?>
<!-- Generated by org.testng.reporters.JUnitReportReporter -->
<testsuite hostname="Bujuku" failures="0" tests="1" name="com.simplilearn.resttetsing.PatchRequestTest" time="3.128" errors="0" timestamp="2024-01-21T13:52:59 IST" skipped="0">
  <testcase classname="com.simplilearn.resttetsing.PatchRequestTest" name="putRequestTest" time="3.128"/>
</testsuite> <!-- com.simplilearn.resttetsing.PatchRequestTest -->
