<?xml version="1.0" encoding="UTF-8"?>
<!-- Generated by org.testng.reporters.JUnitReportReporter -->
<testsuite hostname="Bujuku" failures="0" tests="2" name="com.simplilearn.testng.Amazon.AmazonSearchTest" time="4.997" errors="0" timestamp="2023-12-16T10:28:19 IST" skipped="0">
  <testcase classname="com.simplilearn.testng.Amazon.AmazonSearchTest" name="testSearch2" time="2.321"/>
  <testcase classname="com.simplilearn.testng.Amazon.AmazonSearchTest" name="testSearch1" time="2.676"/>
</testsuite> <!-- com.simplilearn.testng.Amazon.AmazonSearchTest -->
