<?xml version="1.0" encoding="UTF-8"?>
<!-- Generated by org.testng.reporters.JUnitReportReporter -->
<testsuite hostname="Bujuku" failures="0" tests="4" name="com.ninja.qa.Tests.HomePageTest" time="19.956" errors="0" timestamp="2023-12-19T16:00:25 IST" skipped="0">
  <testcase classname="com.ninja.qa.Tests.HomePageTest" name="testTitle" time="3.210"/>
  <system-out/>
  <testcase classname="com.ninja.qa.Tests.HomePageTest" name="testRegisterLink" time="3.530"/>
  <system-out/>
  <testcase classname="com.ninja.qa.Tests.HomePageTest" name="testLoginLink" time="7.968"/>
  <system-out/>
  <testcase classname="com.ninja.qa.Tests.HomePageTest" name="testMacLink" time="5.248"/>
  <system-out/>
</testsuite> <!-- com.ninja.qa.Tests.HomePageTest -->
