<?xml version="1.0" encoding="UTF-8"?>
<!-- Generated by org.testng.reporters.JUnitReportReporter -->
<testsuite hostname="Bujuku" failures="0" tests="1" name="com.ninja.qa.Tests.SearchPageTest" time="7.813" errors="0" timestamp="2023-12-19T16:29:25 IST" skipped="0">
  <testcase classname="com.ninja.qa.Tests.SearchPageTest" name="searchProduct" time="7.813"/>
  <system-out/>
</testsuite> <!-- com.ninja.qa.Tests.SearchPageTest -->
