<?xml version="1.0" encoding="UTF-8"?>
<!-- Generated by org.testng.reporters.JUnitReportReporter -->
<testsuite hostname="Bujuku" failures="0" tests="1" name="com.ninja.qa.Tests.ProductPageTest" time="8.610" errors="0" timestamp="2023-12-19T16:29:47 IST" skipped="0">
  <testcase classname="com.ninja.qa.Tests.ProductPageTest" name="testproduct_addtocart" time="8.610"/>
  <system-out/>
</testsuite> <!-- com.ninja.qa.Tests.ProductPageTest -->
